{
  "RSpec": {
    "coverage": {
      "/home/edinho/Documentos/CodeMiner/desafio-rails/config/environment.rb": {
        "lines": [
          null,
          1,
          null,
          null,
          1
        ]
      },
      "/home/edinho/Documentos/CodeMiner/desafio-rails/config/application.rb": {
        "lines": [
          1,
          null,
          1,
          null,
          null,
          null,
          1,
          null,
          1,
          1,
          null,
          1,
          null,
          null,
          null,
          null,
          null,
          null,
          null,
          null,
          null,
          null
        ]
      },
      "/home/edinho/Documentos/CodeMiner/desafio-rails/config/boot.rb": {
        "lines": [
          1,
          null,
          1,
          1
        ]
      },
      "/home/edinho/Documentos/CodeMiner/desafio-rails/config/environments/test.rb": {
        "lines": [
          1,
          null,
          null,
          null,
          null,
          null,
          null,
          1,
          null,
          null,
          1,
          1,
          null,
          null,
          null,
          null,
          1,
          null,
          null,
          1,
          1,
          null,
          null,
          null,
          null,
          1,
          1,
          1,
          null,
          null,
          1,
          null,
          null,
          1,
          null,
          null,
          1,
          null,
          1,
          null,
          null,
          null,
          null,
          1,
          null,
          null,
          1,
          null,
          null,
          1,
          null,
          null,
          1,
          null,
          null,
          null,
          null,
          null,
          null,
          null
        ]
      },
      "/home/edinho/Documentos/CodeMiner/desafio-rails/config/initializers/application_controller_renderer.rb": {
        "lines": [
          null,
          null,
          null,
          null,
          null,
          null,
          null,
          null
        ]
      },
      "/home/edinho/Documentos/CodeMiner/desafio-rails/config/initializers/assets.rb": {
        "lines": [
          null,
          null,
          null,
          1,
          null,
          null,
          null,
          null,
          1,
          null,
          null,
          null,
          null,
          null
        ]
      },
      "/home/edinho/Documentos/CodeMiner/desafio-rails/config/initializers/backtrace_silencers.rb": {
        "lines": [
          null,
          null,
          null,
          null,
          null,
          null,
          null,
          1
        ]
      },
      "/home/edinho/Documentos/CodeMiner/desafio-rails/config/initializers/content_security_policy.rb": {
        "lines": [
          null,
          null,
          null,
          null,
          null,
          null,
          null,
          null,
          null,
          null,
          null,
          null,
          null,
          null,
          null,
          null,
          null,
          null,
          null,
          null,
          null,
          null,
          null,
          null,
          null,
          null,
          null,
          null,
          null,
          null
        ]
      },
      "/home/edinho/Documentos/CodeMiner/desafio-rails/config/initializers/cookies_serializer.rb": {
        "lines": [
          null,
          null,
          null,
          null,
          1
        ]
      },
      "/home/edinho/Documentos/CodeMiner/desafio-rails/config/initializers/date_format.rb": {
        "lines": [
          1
        ]
      },
      "/home/edinho/Documentos/CodeMiner/desafio-rails/config/initializers/filter_parameter_logging.rb": {
        "lines": [
          null,
          null,
          null,
          1,
          null,
          null
        ]
      },
      "/home/edinho/Documentos/CodeMiner/desafio-rails/config/initializers/inflections.rb": {
        "lines": [
          null,
          null,
          null,
          null,
          null,
          null,
          null,
          null,
          null,
          null,
          null,
          null,
          null,
          null,
          null,
          null
        ]
      },
      "/home/edinho/Documentos/CodeMiner/desafio-rails/config/initializers/mime_types.rb": {
        "lines": [
          null,
          null,
          null,
          null
        ]
      },
      "/home/edinho/Documentos/CodeMiner/desafio-rails/config/initializers/permissions_policy.rb": {
        "lines": [
          null,
          null,
          null,
          null,
          null,
          null,
          null,
          null,
          null,
          null,
          null
        ]
      },
      "/home/edinho/Documentos/CodeMiner/desafio-rails/config/initializers/wrap_parameters.rb": {
        "lines": [
          null,
          null,
          null,
          null,
          null,
          null,
          1,
          2,
          null,
          null,
          null,
          null,
          null,
          null
        ]
      },
      "/home/edinho/Documentos/CodeMiner/desafio-rails/config/routes.rb": {
        "lines": [
          1,
          null,
          null
        ]
      },
      "/home/edinho/Documentos/CodeMiner/desafio-rails/app/helpers/application_helper.rb": {
        "lines": [
          1,
          null
        ]
      },
      "/home/edinho/Documentos/CodeMiner/desafio-rails/app/models/contact.rb": {
        "lines": [
          1,
          1,
          1,
          1,
          null
        ]
      },
      "/home/edinho/Documentos/CodeMiner/desafio-rails/app/models/application_record.rb": {
        "lines": [
          1,
          1,
          null
        ]
      },
      "/home/edinho/Documentos/CodeMiner/desafio-rails/spec/models/telephone_spec.rb": {
        "lines": [
          1,
          null,
          1,
          7,
          7,
          1,
          6,
          null,
          null,
          null,
          null,
          null,
          null,
          null,
          1,
          1,
          1,
          1,
          null,
          null,
          1,
          1,
          1,
          1,
          1,
          null,
          null,
          1,
          1,
          1,
          1,
          1,
          null,
          null,
          1,
          1,
          1,
          1,
          1,
          null,
          null,
          1,
          1,
          1,
          1,
          1,
          null,
          null,
          1,
          1,
          1,
          1,
          1,
          null,
          null
        ]
      },
      "/home/edinho/Documentos/CodeMiner/desafio-rails/app/models/telephone.rb": {
        "lines": [
          1,
          1,
          1,
          null,
          null,
          1,
          1,
          1,
          null,
          1,
          12,
          null
        ]
      },
      "/home/edinho/Documentos/CodeMiner/desafio-rails/spec/models/user_spec.rb": {
        "lines": [
          1,
          null,
          1,
          1,
          3,
          null,
          1,
          1,
          null,
          null,
          1,
          2,
          null,
          null,
          1,
          1,
          2,
          null,
          null,
          null,
          1,
          1,
          null,
          null
        ]
      },
      "/home/edinho/Documentos/CodeMiner/desafio-rails/app/models/user.rb": {
        "lines": [
          1,
          1,
          1,
          null
        ]
      }
    },
    "timestamp": 1644352557
  }
}
